<?xml version="1.0" encoding="UTF-8"?>
<testsuite xmlns:xsi="http://www.w3.org/2001/XMLSchema-instance" xsi:noNamespaceSchemaLocation="https://maven.apache.org/surefire/maven-surefire-plugin/xsd/surefire-test-report.xsd" name="com.ConnectivityTestApplicationTests" time="53.636" tests="1" errors="0" skipped="0" failures="0">
  <properties>
    <property name="sun.desktop" value="windows"/>
    <property name="awt.toolkit" value="sun.awt.windows.WToolkit"/>
    <property name="file.encoding.pkg" value="sun.io"/>
    <property name="java.specification.version" value="1.8"/>
    <property name="sun.jnu.encoding" value="Cp1252"/>
    <property name="java.class.path" value="C:\temp\arbaj\5\AddressDetails\target\test-classes;C:\temp\arbaj\5\AddressDetails\target\classes;C:\Users\BALRAJDASHRATHRAJ\.m2\repository\org\springframework\boot\spring-boot-starter-web\2.2.6.RELEASE\spring-boot-starter-web-2.2.6.RELEASE.jar;C:\Users\BALRAJDASHRATHRAJ\.m2\repository\org\springframework\boot\spring-boot-starter\2.2.6.RELEASE\spring-boot-starter-2.2.6.RELEASE.jar;C:\Users\BALRAJDASHRATHRAJ\.m2\repository\org\springframework\boot\spring-boot\2.2.6.RELEASE\spring-boot-2.2.6.RELEASE.jar;C:\Users\BALRAJDASHRATHRAJ\.m2\repository\org\springframework\boot\spring-boot-autoconfigure\2.2.6.RELEASE\spring-boot-autoconfigure-2.2.6.RELEASE.jar;C:\Users\BALRAJDASHRATHRAJ\.m2\repository\org\springframework\boot\spring-boot-starter-logging\2.2.6.RELEASE\spring-boot-starter-logging-2.2.6.RELEASE.jar;C:\Users\BALRAJDASHRATHRAJ\.m2\repository\ch\qos\logback\logback-classic\1.2.3\logback-classic-1.2.3.jar;C:\Users\BALRAJDASHRATHRAJ\.m2\repository\ch\qos\logback\logback-core\1.2.3\logback-core-1.2.3.jar;C:\Users\BALRAJDASHRATHRAJ\.m2\repository\org\apache\logging\log4j\log4j-to-slf4j\2.12.1\log4j-to-slf4j-2.12.1.jar;C:\Users\BALRAJDASHRATHRAJ\.m2\repository\org\apache\logging\log4j\log4j-api\2.12.1\log4j-api-2.12.1.jar;C:\Users\BALRAJDASHRATHRAJ\.m2\repository\org\slf4j\jul-to-slf4j\1.7.30\jul-to-slf4j-1.7.30.jar;C:\Users\BALRAJDASHRATHRAJ\.m2\repository\jakarta\annotation\jakarta.annotation-api\1.3.5\jakarta.annotation-api-1.3.5.jar;C:\Users\BALRAJDASHRATHRAJ\.m2\repository\org\yaml\snakeyaml\1.25\snakeyaml-1.25.jar;C:\Users\BALRAJDASHRATHRAJ\.m2\repository\org\springframework\boot\spring-boot-starter-json\2.2.6.RELEASE\spring-boot-starter-json-2.2.6.RELEASE.jar;C:\Users\BALRAJDASHRATHRAJ\.m2\repository\com\fasterxml\jackson\datatype\jackson-datatype-jdk8\2.10.3\jackson-datatype-jdk8-2.10.3.jar;C:\Users\BALRAJDASHRATHRAJ\.m2\repository\com\fasterxml\jackson\datatype\jackson-datatype-jsr310\2.10.3\jackson-datatype-jsr310-2.10.3.jar;C:\Users\BALRAJDASHRATHRAJ\.m2\repository\com\fasterxml\jackson\module\jackson-module-parameter-names\2.10.3\jackson-module-parameter-names-2.10.3.jar;C:\Users\BALRAJDASHRATHRAJ\.m2\repository\org\springframework\boot\spring-boot-starter-tomcat\2.2.6.RELEASE\spring-boot-starter-tomcat-2.2.6.RELEASE.jar;C:\Users\BALRAJDASHRATHRAJ\.m2\repository\org\apache\tomcat\embed\tomcat-embed-core\9.0.33\tomcat-embed-core-9.0.33.jar;C:\Users\BALRAJDASHRATHRAJ\.m2\repository\org\apache\tomcat\embed\tomcat-embed-el\9.0.33\tomcat-embed-el-9.0.33.jar;C:\Users\BALRAJDASHRATHRAJ\.m2\repository\org\apache\tomcat\embed\tomcat-embed-websocket\9.0.33\tomcat-embed-websocket-9.0.33.jar;C:\Users\BALRAJDASHRATHRAJ\.m2\repository\org\springframework\boot\spring-boot-starter-validation\2.2.6.RELEASE\spring-boot-starter-validation-2.2.6.RELEASE.jar;C:\Users\BALRAJDASHRATHRAJ\.m2\repository\jakarta\validation\jakarta.validation-api\2.0.2\jakarta.validation-api-2.0.2.jar;C:\Users\BALRAJDASHRATHRAJ\.m2\repository\org\hibernate\validator\hibernate-validator\6.0.18.Final\hibernate-validator-6.0.18.Final.jar;C:\Users\BALRAJDASHRATHRAJ\.m2\repository\org\jboss\logging\jboss-logging\3.4.1.Final\jboss-logging-3.4.1.Final.jar;C:\Users\BALRAJDASHRATHRAJ\.m2\repository\com\fasterxml\classmate\1.5.1\classmate-1.5.1.jar;C:\Users\BALRAJDASHRATHRAJ\.m2\repository\org\springframework\spring-web\5.2.5.RELEASE\spring-web-5.2.5.RELEASE.jar;C:\Users\BALRAJDASHRATHRAJ\.m2\repository\org\springframework\spring-beans\5.2.5.RELEASE\spring-beans-5.2.5.RELEASE.jar;C:\Users\BALRAJDASHRATHRAJ\.m2\repository\org\springframework\spring-webmvc\5.2.5.RELEASE\spring-webmvc-5.2.5.RELEASE.jar;C:\Users\BALRAJDASHRATHRAJ\.m2\repository\org\springframework\spring-aop\5.2.5.RELEASE\spring-aop-5.2.5.RELEASE.jar;C:\Users\BALRAJDASHRATHRAJ\.m2\repository\org\springframework\spring-context\5.2.5.RELEASE\spring-context-5.2.5.RELEASE.jar;C:\Users\BALRAJDASHRATHRAJ\.m2\repository\org\springframework\spring-expression\5.2.5.RELEASE\spring-expression-5.2.5.RELEASE.jar;C:\Users\BALRAJDASHRATHRAJ\.m2\repository\org\apache\poi\poi\3.15\poi-3.15.jar;C:\Users\BALRAJDASHRATHRAJ\.m2\repository\commons-codec\commons-codec\1.13\commons-codec-1.13.jar;C:\Users\BALRAJDASHRATHRAJ\.m2\repository\org\apache\commons\commons-collections4\4.1\commons-collections4-4.1.jar;C:\Users\BALRAJDASHRATHRAJ\.m2\repository\org\apache\poi\poi-ooxml\3.15\poi-ooxml-3.15.jar;C:\Users\BALRAJDASHRATHRAJ\.m2\repository\org\apache\poi\poi-ooxml-schemas\3.15\poi-ooxml-schemas-3.15.jar;C:\Users\BALRAJDASHRATHRAJ\.m2\repository\org\apache\xmlbeans\xmlbeans\2.6.0\xmlbeans-2.6.0.jar;C:\Users\BALRAJDASHRATHRAJ\.m2\repository\stax\stax-api\1.0.1\stax-api-1.0.1.jar;C:\Users\BALRAJDASHRATHRAJ\.m2\repository\com\github\virtuald\curvesapi\1.04\curvesapi-1.04.jar;C:\Users\BALRAJDASHRATHRAJ\.m2\repository\org\springframework\boot\spring-boot-starter-thymeleaf\2.2.6.RELEASE\spring-boot-starter-thymeleaf-2.2.6.RELEASE.jar;C:\Users\BALRAJDASHRATHRAJ\.m2\repository\org\thymeleaf\thymeleaf-spring5\3.0.11.RELEASE\thymeleaf-spring5-3.0.11.RELEASE.jar;C:\Users\BALRAJDASHRATHRAJ\.m2\repository\org\thymeleaf\thymeleaf\3.0.11.RELEASE\thymeleaf-3.0.11.RELEASE.jar;C:\Users\BALRAJDASHRATHRAJ\.m2\repository\org\attoparser\attoparser\2.0.5.RELEASE\attoparser-2.0.5.RELEASE.jar;C:\Users\BALRAJDASHRATHRAJ\.m2\repository\org\unbescape\unbescape\1.1.6.RELEASE\unbescape-1.1.6.RELEASE.jar;C:\Users\BALRAJDASHRATHRAJ\.m2\repository\org\slf4j\slf4j-api\1.7.30\slf4j-api-1.7.30.jar;C:\Users\BALRAJDASHRATHRAJ\.m2\repository\org\thymeleaf\extras\thymeleaf-extras-java8time\3.0.4.RELEASE\thymeleaf-extras-java8time-3.0.4.RELEASE.jar;C:\Users\BALRAJDASHRATHRAJ\.m2\repository\net\sf\jasperreports\jasperreports\6.1.0\jasperreports-6.1.0.jar;C:\Users\BALRAJDASHRATHRAJ\.m2\repository\commons-beanutils\commons-beanutils\1.9.0\commons-beanutils-1.9.0.jar;C:\Users\BALRAJDASHRATHRAJ\.m2\repository\commons-collections\commons-collections\3.2.1\commons-collections-3.2.1.jar;C:\Users\BALRAJDASHRATHRAJ\.m2\repository\commons-digester\commons-digester\2.1\commons-digester-2.1.jar;C:\Users\BALRAJDASHRATHRAJ\.m2\repository\commons-logging\commons-logging\1.1.1\commons-logging-1.1.1.jar;C:\Users\BALRAJDASHRATHRAJ\.m2\repository\com\lowagie\itext\2.1.7.js2\itext-2.1.7.js2.jar;C:\Users\BALRAJDASHRATHRAJ\.m2\repository\bouncycastle\bcmail-jdk14\138\bcmail-jdk14-138.jar;C:\Users\BALRAJDASHRATHRAJ\.m2\repository\bouncycastle\bcprov-jdk14\138\bcprov-jdk14-138.jar;C:\Users\BALRAJDASHRATHRAJ\.m2\repository\org\bouncycastle\bctsp-jdk14\1.38\bctsp-jdk14-1.38.jar;C:\Users\BALRAJDASHRATHRAJ\.m2\repository\org\bouncycastle\bcprov-jdk14\1.38\bcprov-jdk14-1.38.jar;C:\Users\BALRAJDASHRATHRAJ\.m2\repository\org\bouncycastle\bcmail-jdk14\1.38\bcmail-jdk14-1.38.jar;C:\Users\BALRAJDASHRATHRAJ\.m2\repository\jfree\jcommon\1.0.15\jcommon-1.0.15.jar;C:\Users\BALRAJDASHRATHRAJ\.m2\repository\jfree\jfreechart\1.0.12\jfreechart-1.0.12.jar;C:\Users\BALRAJDASHRATHRAJ\.m2\repository\xml-apis\xml-apis\1.3.02\xml-apis-1.3.02.jar;C:\Users\BALRAJDASHRATHRAJ\.m2\repository\org\eclipse\jdt\core\compiler\ecj\4.3.1\ecj-4.3.1.jar;C:\Users\BALRAJDASHRATHRAJ\.m2\repository\org\codehaus\castor\castor-xml\1.3.3\castor-xml-1.3.3.jar;C:\Users\BALRAJDASHRATHRAJ\.m2\repository\org\codehaus\castor\castor-core\1.3.3\castor-core-1.3.3.jar;C:\Users\BALRAJDASHRATHRAJ\.m2\repository\commons-lang\commons-lang\2.6\commons-lang-2.6.jar;C:\Users\BALRAJDASHRATHRAJ\.m2\repository\javax\inject\javax.inject\1\javax.inject-1.jar;C:\Users\BALRAJDASHRATHRAJ\.m2\repository\stax\stax\1.2.0\stax-1.2.0.jar;C:\Users\BALRAJDASHRATHRAJ\.m2\repository\javax\xml\stream\stax-api\1.0-2\stax-api-1.0-2.jar;C:\Users\BALRAJDASHRATHRAJ\.m2\repository\com\fasterxml\jackson\core\jackson-core\2.10.3\jackson-core-2.10.3.jar;C:\Users\BALRAJDASHRATHRAJ\.m2\repository\com\fasterxml\jackson\core\jackson-databind\2.10.3\jackson-databind-2.10.3.jar;C:\Users\BALRAJDASHRATHRAJ\.m2\repository\com\fasterxml\jackson\core\jackson-annotations\2.10.3\jackson-annotations-2.10.3.jar;C:\Users\BALRAJDASHRATHRAJ\.m2\repository\org\apache\lucene\lucene-core\4.5.1\lucene-core-4.5.1.jar;C:\Users\BALRAJDASHRATHRAJ\.m2\repository\org\apache\lucene\lucene-analyzers-common\4.5.1\lucene-analyzers-common-4.5.1.jar;C:\Users\BALRAJDASHRATHRAJ\.m2\repository\org\apache\lucene\lucene-queryparser\4.5.1\lucene-queryparser-4.5.1.jar;C:\Users\BALRAJDASHRATHRAJ\.m2\repository\org\apache\lucene\lucene-queries\4.5.1\lucene-queries-4.5.1.jar;C:\Users\BALRAJDASHRATHRAJ\.m2\repository\org\apache\lucene\lucene-sandbox\4.5.1\lucene-sandbox-4.5.1.jar;C:\Users\BALRAJDASHRATHRAJ\.m2\repository\jakarta-regexp\jakarta-regexp\1.4\jakarta-regexp-1.4.jar;C:\Users\BALRAJDASHRATHRAJ\.m2\repository\org\olap4j\olap4j\0.9.7.309-JS-3\olap4j-0.9.7.309-JS-3.jar;C:\Users\BALRAJDASHRATHRAJ\.m2\repository\com\google\zxing\core\2.3.0\core-2.3.0.jar;C:\Users\BALRAJDASHRATHRAJ\.m2\repository\org\springframework\boot\spring-boot-starter-test\2.2.6.RELEASE\spring-boot-starter-test-2.2.6.RELEASE.jar;C:\Users\BALRAJDASHRATHRAJ\.m2\repository\org\springframework\boot\spring-boot-test\2.2.6.RELEASE\spring-boot-test-2.2.6.RELEASE.jar;C:\Users\BALRAJDASHRATHRAJ\.m2\repository\org\springframework\boot\spring-boot-test-autoconfigure\2.2.6.RELEASE\spring-boot-test-autoconfigure-2.2.6.RELEASE.jar;C:\Users\BALRAJDASHRATHRAJ\.m2\repository\com\jayway\jsonpath\json-path\2.4.0\json-path-2.4.0.jar;C:\Users\BALRAJDASHRATHRAJ\.m2\repository\net\minidev\json-smart\2.3\json-smart-2.3.jar;C:\Users\BALRAJDASHRATHRAJ\.m2\repository\net\minidev\accessors-smart\1.2\accessors-smart-1.2.jar;C:\Users\BALRAJDASHRATHRAJ\.m2\repository\org\ow2\asm\asm\5.0.4\asm-5.0.4.jar;C:\Users\BALRAJDASHRATHRAJ\.m2\repository\jakarta\xml\bind\jakarta.xml.bind-api\2.3.3\jakarta.xml.bind-api-2.3.3.jar;C:\Users\BALRAJDASHRATHRAJ\.m2\repository\jakarta\activation\jakarta.activation-api\1.2.2\jakarta.activation-api-1.2.2.jar;C:\Users\BALRAJDASHRATHRAJ\.m2\repository\org\junit\jupiter\junit-jupiter\5.5.2\junit-jupiter-5.5.2.jar;C:\Users\BALRAJDASHRATHRAJ\.m2\repository\org\junit\jupiter\junit-jupiter-api\5.5.2\junit-jupiter-api-5.5.2.jar;C:\Users\BALRAJDASHRATHRAJ\.m2\repository\org\apiguardian\apiguardian-api\1.1.0\apiguardian-api-1.1.0.jar;C:\Users\BALRAJDASHRATHRAJ\.m2\repository\org\opentest4j\opentest4j\1.2.0\opentest4j-1.2.0.jar;C:\Users\BALRAJDASHRATHRAJ\.m2\repository\org\junit\platform\junit-platform-commons\1.5.2\junit-platform-commons-1.5.2.jar;C:\Users\BALRAJDASHRATHRAJ\.m2\repository\org\junit\jupiter\junit-jupiter-params\5.5.2\junit-jupiter-params-5.5.2.jar;C:\Users\BALRAJDASHRATHRAJ\.m2\repository\org\junit\jupiter\junit-jupiter-engine\5.5.2\junit-jupiter-engine-5.5.2.jar;C:\Users\BALRAJDASHRATHRAJ\.m2\repository\org\junit\platform\junit-platform-engine\1.5.2\junit-platform-engine-1.5.2.jar;C:\Users\BALRAJDASHRATHRAJ\.m2\repository\org\mockito\mockito-junit-jupiter\3.1.0\mockito-junit-jupiter-3.1.0.jar;C:\Users\BALRAJDASHRATHRAJ\.m2\repository\org\assertj\assertj-core\3.13.2\assertj-core-3.13.2.jar;C:\Users\BALRAJDASHRATHRAJ\.m2\repository\org\hamcrest\hamcrest\2.1\hamcrest-2.1.jar;C:\Users\BALRAJDASHRATHRAJ\.m2\repository\org\mockito\mockito-core\3.1.0\mockito-core-3.1.0.jar;C:\Users\BALRAJDASHRATHRAJ\.m2\repository\net\bytebuddy\byte-buddy\1.10.8\byte-buddy-1.10.8.jar;C:\Users\BALRAJDASHRATHRAJ\.m2\repository\net\bytebuddy\byte-buddy-agent\1.10.8\byte-buddy-agent-1.10.8.jar;C:\Users\BALRAJDASHRATHRAJ\.m2\repository\org\objenesis\objenesis\2.6\objenesis-2.6.jar;C:\Users\BALRAJDASHRATHRAJ\.m2\repository\org\skyscreamer\jsonassert\1.5.0\jsonassert-1.5.0.jar;C:\Users\BALRAJDASHRATHRAJ\.m2\repository\com\vaadin\external\google\android-json\0.0.20131108.vaadin1\android-json-0.0.20131108.vaadin1.jar;C:\Users\BALRAJDASHRATHRAJ\.m2\repository\org\springframework\spring-core\5.2.5.RELEASE\spring-core-5.2.5.RELEASE.jar;C:\Users\BALRAJDASHRATHRAJ\.m2\repository\org\springframework\spring-jcl\5.2.5.RELEASE\spring-jcl-5.2.5.RELEASE.jar;C:\Users\BALRAJDASHRATHRAJ\.m2\repository\org\springframework\spring-test\5.2.5.RELEASE\spring-test-5.2.5.RELEASE.jar;C:\Users\BALRAJDASHRATHRAJ\.m2\repository\org\xmlunit\xmlunit-core\2.6.4\xmlunit-core-2.6.4.jar;"/>
    <property name="java.vm.vendor" value="IBM Corporation"/>
    <property name="com.ibm.zero.version" value="2"/>
    <property name="sun.arch.data.model" value="64"/>
    <property name="com.ibm.vm.bitmode" value="64"/>
    <property name="user.variant" value=""/>
    <property name="com.ibm.oti.vm.library.version" value="29"/>
    <property name="java.vendor.url" value="http://www.ibm.com"/>
    <property name="user.timezone" value="Asia/Calcutta"/>
    <property name="os.name" value="Windows 10"/>
    <property name="java.vm.specification.version" value="1.8"/>
    <property name="sun.java.launcher" value="SUN_STANDARD"/>
    <property name="user.country" value="IN"/>
    <property name="sun.boot.library.path" value="C:\temp\EclipseIBM\eclipseDevelopmentPackage\ibm_sdk80\jre\bin\compressedrefs;C:\temp\EclipseIBM\eclipseDevelopmentPackage\ibm_sdk80\jre\bin"/>
    <property name="sun.java.command" value="C:\Users\BALRAJ~1\AppData\Local\Temp\surefire5064874032871530749\surefirebooter2781808848183205410.jar C:\Users\BALRAJDASHRATHRAJ\AppData\Local\Temp\surefire5064874032871530749 2020-09-24T00-30-10_732-jvmRun1 surefire4053353825907933793tmp surefire_05831963638085241413tmp"/>
    <property name="surefire.test.class.path" value="C:\temp\arbaj\5\AddressDetails\target\test-classes;C:\temp\arbaj\5\AddressDetails\target\classes;C:\Users\BALRAJDASHRATHRAJ\.m2\repository\org\springframework\boot\spring-boot-starter-web\2.2.6.RELEASE\spring-boot-starter-web-2.2.6.RELEASE.jar;C:\Users\BALRAJDASHRATHRAJ\.m2\repository\org\springframework\boot\spring-boot-starter\2.2.6.RELEASE\spring-boot-starter-2.2.6.RELEASE.jar;C:\Users\BALRAJDASHRATHRAJ\.m2\repository\org\springframework\boot\spring-boot\2.2.6.RELEASE\spring-boot-2.2.6.RELEASE.jar;C:\Users\BALRAJDASHRATHRAJ\.m2\repository\org\springframework\boot\spring-boot-autoconfigure\2.2.6.RELEASE\spring-boot-autoconfigure-2.2.6.RELEASE.jar;C:\Users\BALRAJDASHRATHRAJ\.m2\repository\org\springframework\boot\spring-boot-starter-logging\2.2.6.RELEASE\spring-boot-starter-logging-2.2.6.RELEASE.jar;C:\Users\BALRAJDASHRATHRAJ\.m2\repository\ch\qos\logback\logback-classic\1.2.3\logback-classic-1.2.3.jar;C:\Users\BALRAJDASHRATHRAJ\.m2\repository\ch\qos\logback\logback-core\1.2.3\logback-core-1.2.3.jar;C:\Users\BALRAJDASHRATHRAJ\.m2\repository\org\apache\logging\log4j\log4j-to-slf4j\2.12.1\log4j-to-slf4j-2.12.1.jar;C:\Users\BALRAJDASHRATHRAJ\.m2\repository\org\apache\logging\log4j\log4j-api\2.12.1\log4j-api-2.12.1.jar;C:\Users\BALRAJDASHRATHRAJ\.m2\repository\org\slf4j\jul-to-slf4j\1.7.30\jul-to-slf4j-1.7.30.jar;C:\Users\BALRAJDASHRATHRAJ\.m2\repository\jakarta\annotation\jakarta.annotation-api\1.3.5\jakarta.annotation-api-1.3.5.jar;C:\Users\BALRAJDASHRATHRAJ\.m2\repository\org\yaml\snakeyaml\1.25\snakeyaml-1.25.jar;C:\Users\BALRAJDASHRATHRAJ\.m2\repository\org\springframework\boot\spring-boot-starter-json\2.2.6.RELEASE\spring-boot-starter-json-2.2.6.RELEASE.jar;C:\Users\BALRAJDASHRATHRAJ\.m2\repository\com\fasterxml\jackson\datatype\jackson-datatype-jdk8\2.10.3\jackson-datatype-jdk8-2.10.3.jar;C:\Users\BALRAJDASHRATHRAJ\.m2\repository\com\fasterxml\jackson\datatype\jackson-datatype-jsr310\2.10.3\jackson-datatype-jsr310-2.10.3.jar;C:\Users\BALRAJDASHRATHRAJ\.m2\repository\com\fasterxml\jackson\module\jackson-module-parameter-names\2.10.3\jackson-module-parameter-names-2.10.3.jar;C:\Users\BALRAJDASHRATHRAJ\.m2\repository\org\springframework\boot\spring-boot-starter-tomcat\2.2.6.RELEASE\spring-boot-starter-tomcat-2.2.6.RELEASE.jar;C:\Users\BALRAJDASHRATHRAJ\.m2\repository\org\apache\tomcat\embed\tomcat-embed-core\9.0.33\tomcat-embed-core-9.0.33.jar;C:\Users\BALRAJDASHRATHRAJ\.m2\repository\org\apache\tomcat\embed\tomcat-embed-el\9.0.33\tomcat-embed-el-9.0.33.jar;C:\Users\BALRAJDASHRATHRAJ\.m2\repository\org\apache\tomcat\embed\tomcat-embed-websocket\9.0.33\tomcat-embed-websocket-9.0.33.jar;C:\Users\BALRAJDASHRATHRAJ\.m2\repository\org\springframework\boot\spring-boot-starter-validation\2.2.6.RELEASE\spring-boot-starter-validation-2.2.6.RELEASE.jar;C:\Users\BALRAJDASHRATHRAJ\.m2\repository\jakarta\validation\jakarta.validation-api\2.0.2\jakarta.validation-api-2.0.2.jar;C:\Users\BALRAJDASHRATHRAJ\.m2\repository\org\hibernate\validator\hibernate-validator\6.0.18.Final\hibernate-validator-6.0.18.Final.jar;C:\Users\BALRAJDASHRATHRAJ\.m2\repository\org\jboss\logging\jboss-logging\3.4.1.Final\jboss-logging-3.4.1.Final.jar;C:\Users\BALRAJDASHRATHRAJ\.m2\repository\com\fasterxml\classmate\1.5.1\classmate-1.5.1.jar;C:\Users\BALRAJDASHRATHRAJ\.m2\repository\org\springframework\spring-web\5.2.5.RELEASE\spring-web-5.2.5.RELEASE.jar;C:\Users\BALRAJDASHRATHRAJ\.m2\repository\org\springframework\spring-beans\5.2.5.RELEASE\spring-beans-5.2.5.RELEASE.jar;C:\Users\BALRAJDASHRATHRAJ\.m2\repository\org\springframework\spring-webmvc\5.2.5.RELEASE\spring-webmvc-5.2.5.RELEASE.jar;C:\Users\BALRAJDASHRATHRAJ\.m2\repository\org\springframework\spring-aop\5.2.5.RELEASE\spring-aop-5.2.5.RELEASE.jar;C:\Users\BALRAJDASHRATHRAJ\.m2\repository\org\springframework\spring-context\5.2.5.RELEASE\spring-context-5.2.5.RELEASE.jar;C:\Users\BALRAJDASHRATHRAJ\.m2\repository\org\springframework\spring-expression\5.2.5.RELEASE\spring-expression-5.2.5.RELEASE.jar;C:\Users\BALRAJDASHRATHRAJ\.m2\repository\org\apache\poi\poi\3.15\poi-3.15.jar;C:\Users\BALRAJDASHRATHRAJ\.m2\repository\commons-codec\commons-codec\1.13\commons-codec-1.13.jar;C:\Users\BALRAJDASHRATHRAJ\.m2\repository\org\apache\commons\commons-collections4\4.1\commons-collections4-4.1.jar;C:\Users\BALRAJDASHRATHRAJ\.m2\repository\org\apache\poi\poi-ooxml\3.15\poi-ooxml-3.15.jar;C:\Users\BALRAJDASHRATHRAJ\.m2\repository\org\apache\poi\poi-ooxml-schemas\3.15\poi-ooxml-schemas-3.15.jar;C:\Users\BALRAJDASHRATHRAJ\.m2\repository\org\apache\xmlbeans\xmlbeans\2.6.0\xmlbeans-2.6.0.jar;C:\Users\BALRAJDASHRATHRAJ\.m2\repository\stax\stax-api\1.0.1\stax-api-1.0.1.jar;C:\Users\BALRAJDASHRATHRAJ\.m2\repository\com\github\virtuald\curvesapi\1.04\curvesapi-1.04.jar;C:\Users\BALRAJDASHRATHRAJ\.m2\repository\org\springframework\boot\spring-boot-starter-thymeleaf\2.2.6.RELEASE\spring-boot-starter-thymeleaf-2.2.6.RELEASE.jar;C:\Users\BALRAJDASHRATHRAJ\.m2\repository\org\thymeleaf\thymeleaf-spring5\3.0.11.RELEASE\thymeleaf-spring5-3.0.11.RELEASE.jar;C:\Users\BALRAJDASHRATHRAJ\.m2\repository\org\thymeleaf\thymeleaf\3.0.11.RELEASE\thymeleaf-3.0.11.RELEASE.jar;C:\Users\BALRAJDASHRATHRAJ\.m2\repository\org\attoparser\attoparser\2.0.5.RELEASE\attoparser-2.0.5.RELEASE.jar;C:\Users\BALRAJDASHRATHRAJ\.m2\repository\org\unbescape\unbescape\1.1.6.RELEASE\unbescape-1.1.6.RELEASE.jar;C:\Users\BALRAJDASHRATHRAJ\.m2\repository\org\slf4j\slf4j-api\1.7.30\slf4j-api-1.7.30.jar;C:\Users\BALRAJDASHRATHRAJ\.m2\repository\org\thymeleaf\extras\thymeleaf-extras-java8time\3.0.4.RELEASE\thymeleaf-extras-java8time-3.0.4.RELEASE.jar;C:\Users\BALRAJDASHRATHRAJ\.m2\repository\net\sf\jasperreports\jasperreports\6.1.0\jasperreports-6.1.0.jar;C:\Users\BALRAJDASHRATHRAJ\.m2\repository\commons-beanutils\commons-beanutils\1.9.0\commons-beanutils-1.9.0.jar;C:\Users\BALRAJDASHRATHRAJ\.m2\repository\commons-collections\commons-collections\3.2.1\commons-collections-3.2.1.jar;C:\Users\BALRAJDASHRATHRAJ\.m2\repository\commons-digester\commons-digester\2.1\commons-digester-2.1.jar;C:\Users\BALRAJDASHRATHRAJ\.m2\repository\commons-logging\commons-logging\1.1.1\commons-logging-1.1.1.jar;C:\Users\BALRAJDASHRATHRAJ\.m2\repository\com\lowagie\itext\2.1.7.js2\itext-2.1.7.js2.jar;C:\Users\BALRAJDASHRATHRAJ\.m2\repository\bouncycastle\bcmail-jdk14\138\bcmail-jdk14-138.jar;C:\Users\BALRAJDASHRATHRAJ\.m2\repository\bouncycastle\bcprov-jdk14\138\bcprov-jdk14-138.jar;C:\Users\BALRAJDASHRATHRAJ\.m2\repository\org\bouncycastle\bctsp-jdk14\1.38\bctsp-jdk14-1.38.jar;C:\Users\BALRAJDASHRATHRAJ\.m2\repository\org\bouncycastle\bcprov-jdk14\1.38\bcprov-jdk14-1.38.jar;C:\Users\BALRAJDASHRATHRAJ\.m2\repository\org\bouncycastle\bcmail-jdk14\1.38\bcmail-jdk14-1.38.jar;C:\Users\BALRAJDASHRATHRAJ\.m2\repository\jfree\jcommon\1.0.15\jcommon-1.0.15.jar;C:\Users\BALRAJDASHRATHRAJ\.m2\repository\jfree\jfreechart\1.0.12\jfreechart-1.0.12.jar;C:\Users\BALRAJDASHRATHRAJ\.m2\repository\xml-apis\xml-apis\1.3.02\xml-apis-1.3.02.jar;C:\Users\BALRAJDASHRATHRAJ\.m2\repository\org\eclipse\jdt\core\compiler\ecj\4.3.1\ecj-4.3.1.jar;C:\Users\BALRAJDASHRATHRAJ\.m2\repository\org\codehaus\castor\castor-xml\1.3.3\castor-xml-1.3.3.jar;C:\Users\BALRAJDASHRATHRAJ\.m2\repository\org\codehaus\castor\castor-core\1.3.3\castor-core-1.3.3.jar;C:\Users\BALRAJDASHRATHRAJ\.m2\repository\commons-lang\commons-lang\2.6\commons-lang-2.6.jar;C:\Users\BALRAJDASHRATHRAJ\.m2\repository\javax\inject\javax.inject\1\javax.inject-1.jar;C:\Users\BALRAJDASHRATHRAJ\.m2\repository\stax\stax\1.2.0\stax-1.2.0.jar;C:\Users\BALRAJDASHRATHRAJ\.m2\repository\javax\xml\stream\stax-api\1.0-2\stax-api-1.0-2.jar;C:\Users\BALRAJDASHRATHRAJ\.m2\repository\com\fasterxml\jackson\core\jackson-core\2.10.3\jackson-core-2.10.3.jar;C:\Users\BALRAJDASHRATHRAJ\.m2\repository\com\fasterxml\jackson\core\jackson-databind\2.10.3\jackson-databind-2.10.3.jar;C:\Users\BALRAJDASHRATHRAJ\.m2\repository\com\fasterxml\jackson\core\jackson-annotations\2.10.3\jackson-annotations-2.10.3.jar;C:\Users\BALRAJDASHRATHRAJ\.m2\repository\org\apache\lucene\lucene-core\4.5.1\lucene-core-4.5.1.jar;C:\Users\BALRAJDASHRATHRAJ\.m2\repository\org\apache\lucene\lucene-analyzers-common\4.5.1\lucene-analyzers-common-4.5.1.jar;C:\Users\BALRAJDASHRATHRAJ\.m2\repository\org\apache\lucene\lucene-queryparser\4.5.1\lucene-queryparser-4.5.1.jar;C:\Users\BALRAJDASHRATHRAJ\.m2\repository\org\apache\lucene\lucene-queries\4.5.1\lucene-queries-4.5.1.jar;C:\Users\BALRAJDASHRATHRAJ\.m2\repository\org\apache\lucene\lucene-sandbox\4.5.1\lucene-sandbox-4.5.1.jar;C:\Users\BALRAJDASHRATHRAJ\.m2\repository\jakarta-regexp\jakarta-regexp\1.4\jakarta-regexp-1.4.jar;C:\Users\BALRAJDASHRATHRAJ\.m2\repository\org\olap4j\olap4j\0.9.7.309-JS-3\olap4j-0.9.7.309-JS-3.jar;C:\Users\BALRAJDASHRATHRAJ\.m2\repository\com\google\zxing\core\2.3.0\core-2.3.0.jar;C:\Users\BALRAJDASHRATHRAJ\.m2\repository\org\springframework\boot\spring-boot-starter-test\2.2.6.RELEASE\spring-boot-starter-test-2.2.6.RELEASE.jar;C:\Users\BALRAJDASHRATHRAJ\.m2\repository\org\springframework\boot\spring-boot-test\2.2.6.RELEASE\spring-boot-test-2.2.6.RELEASE.jar;C:\Users\BALRAJDASHRATHRAJ\.m2\repository\org\springframework\boot\spring-boot-test-autoconfigure\2.2.6.RELEASE\spring-boot-test-autoconfigure-2.2.6.RELEASE.jar;C:\Users\BALRAJDASHRATHRAJ\.m2\repository\com\jayway\jsonpath\json-path\2.4.0\json-path-2.4.0.jar;C:\Users\BALRAJDASHRATHRAJ\.m2\repository\net\minidev\json-smart\2.3\json-smart-2.3.jar;C:\Users\BALRAJDASHRATHRAJ\.m2\repository\net\minidev\accessors-smart\1.2\accessors-smart-1.2.jar;C:\Users\BALRAJDASHRATHRAJ\.m2\repository\org\ow2\asm\asm\5.0.4\asm-5.0.4.jar;C:\Users\BALRAJDASHRATHRAJ\.m2\repository\jakarta\xml\bind\jakarta.xml.bind-api\2.3.3\jakarta.xml.bind-api-2.3.3.jar;C:\Users\BALRAJDASHRATHRAJ\.m2\repository\jakarta\activation\jakarta.activation-api\1.2.2\jakarta.activation-api-1.2.2.jar;C:\Users\BALRAJDASHRATHRAJ\.m2\repository\org\junit\jupiter\junit-jupiter\5.5.2\junit-jupiter-5.5.2.jar;C:\Users\BALRAJDASHRATHRAJ\.m2\repository\org\junit\jupiter\junit-jupiter-api\5.5.2\junit-jupiter-api-5.5.2.jar;C:\Users\BALRAJDASHRATHRAJ\.m2\repository\org\apiguardian\apiguardian-api\1.1.0\apiguardian-api-1.1.0.jar;C:\Users\BALRAJDASHRATHRAJ\.m2\repository\org\opentest4j\opentest4j\1.2.0\opentest4j-1.2.0.jar;C:\Users\BALRAJDASHRATHRAJ\.m2\repository\org\junit\platform\junit-platform-commons\1.5.2\junit-platform-commons-1.5.2.jar;C:\Users\BALRAJDASHRATHRAJ\.m2\repository\org\junit\jupiter\junit-jupiter-params\5.5.2\junit-jupiter-params-5.5.2.jar;C:\Users\BALRAJDASHRATHRAJ\.m2\repository\org\junit\jupiter\junit-jupiter-engine\5.5.2\junit-jupiter-engine-5.5.2.jar;C:\Users\BALRAJDASHRATHRAJ\.m2\repository\org\junit\platform\junit-platform-engine\1.5.2\junit-platform-engine-1.5.2.jar;C:\Users\BALRAJDASHRATHRAJ\.m2\repository\org\mockito\mockito-junit-jupiter\3.1.0\mockito-junit-jupiter-3.1.0.jar;C:\Users\BALRAJDASHRATHRAJ\.m2\repository\org\assertj\assertj-core\3.13.2\assertj-core-3.13.2.jar;C:\Users\BALRAJDASHRATHRAJ\.m2\repository\org\hamcrest\hamcrest\2.1\hamcrest-2.1.jar;C:\Users\BALRAJDASHRATHRAJ\.m2\repository\org\mockito\mockito-core\3.1.0\mockito-core-3.1.0.jar;C:\Users\BALRAJDASHRATHRAJ\.m2\repository\net\bytebuddy\byte-buddy\1.10.8\byte-buddy-1.10.8.jar;C:\Users\BALRAJDASHRATHRAJ\.m2\repository\net\bytebuddy\byte-buddy-agent\1.10.8\byte-buddy-agent-1.10.8.jar;C:\Users\BALRAJDASHRATHRAJ\.m2\repository\org\objenesis\objenesis\2.6\objenesis-2.6.jar;C:\Users\BALRAJDASHRATHRAJ\.m2\repository\org\skyscreamer\jsonassert\1.5.0\jsonassert-1.5.0.jar;C:\Users\BALRAJDASHRATHRAJ\.m2\repository\com\vaadin\external\google\android-json\0.0.20131108.vaadin1\android-json-0.0.20131108.vaadin1.jar;C:\Users\BALRAJDASHRATHRAJ\.m2\repository\org\springframework\spring-core\5.2.5.RELEASE\spring-core-5.2.5.RELEASE.jar;C:\Users\BALRAJDASHRATHRAJ\.m2\repository\org\springframework\spring-jcl\5.2.5.RELEASE\spring-jcl-5.2.5.RELEASE.jar;C:\Users\BALRAJDASHRATHRAJ\.m2\repository\org\springframework\spring-test\5.2.5.RELEASE\spring-test-5.2.5.RELEASE.jar;C:\Users\BALRAJDASHRATHRAJ\.m2\repository\org\xmlunit\xmlunit-core\2.6.4\xmlunit-core-2.6.4.jar;"/>
    <property name="sun.cpu.endian" value="little"/>
    <property name="user.home" value="C:\Users\BALRAJDASHRATHRAJ"/>
    <property name="user.language" value="en"/>
    <property name="java.specification.vendor" value="Oracle Corporation"/>
    <property name="java.home" value="C:\temp\EclipseIBM\eclipseDevelopmentPackage\ibm_sdk80\jre"/>
    <property name="ibm.signalhandling.rs" value="false"/>
    <property name="file.separator" value="\"/>
    <property name="basedir" value="C:\temp\arbaj\5\AddressDetails"/>
    <property name="line.separator" value="&#10;"/>
    <property name="java.vm.specification.vendor" value="Oracle Corporation"/>
    <property name="java.specification.name" value="Java Platform API Specification"/>
    <property name="java.compiler" value="j9jit29"/>
    <property name="com.ibm.util.extralibs.properties" value=""/>
    <property name="java.awt.graphicsenv" value="sun.awt.Win32GraphicsEnvironment"/>
    <property name="com.ibm.oti.configuration" value="scar"/>
    <property name="java.awt.fonts" value=""/>
    <property name="surefire.real.class.path" value="C:\Users\BALRAJ~1\AppData\Local\Temp\surefire5064874032871530749\surefirebooter2781808848183205410.jar"/>
    <property name="com.ibm.oti.shared.enabled" value="false"/>
    <property name="sun.boot.class.path" value="C:\temp\EclipseIBM\eclipseDevelopmentPackage\ibm_sdk80\jre\bin\compressedrefs\jclSC180\vm.jar;C:\temp\EclipseIBM\eclipseDevelopmentPackage\ibm_sdk80\jre\lib\se-service.jar;C:\temp\EclipseIBM\eclipseDevelopmentPackage\ibm_sdk80\jre\lib\cuda4j.jar;C:\temp\EclipseIBM\eclipseDevelopmentPackage\ibm_sdk80\jre\lib\math.jar;C:\temp\EclipseIBM\eclipseDevelopmentPackage\ibm_sdk80\jre\lib\ibmorb.jar;C:\temp\EclipseIBM\eclipseDevelopmentPackage\ibm_sdk80\jre\lib\ibmorbapi.jar;C:\temp\EclipseIBM\eclipseDevelopmentPackage\ibm_sdk80\jre\lib\ibmcfw.jar;C:\temp\EclipseIBM\eclipseDevelopmentPackage\ibm_sdk80\jre\lib\ibmpkcs.jar;C:\temp\EclipseIBM\eclipseDevelopmentPackage\ibm_sdk80\jre\lib\ibmcertpathfw.jar;C:\temp\EclipseIBM\eclipseDevelopmentPackage\ibm_sdk80\jre\lib\ibmjgssfw.jar;C:\temp\EclipseIBM\eclipseDevelopmentPackage\ibm_sdk80\jre\lib\ibmjssefw.jar;C:\temp\EclipseIBM\eclipseDevelopmentPackage\ibm_sdk80\jre\lib\ibmsaslfw.jar;C:\temp\EclipseIBM\eclipseDevelopmentPackage\ibm_sdk80\jre\lib\ibmjcefw.jar;C:\temp\EclipseIBM\eclipseDevelopmentPackage\ibm_sdk80\jre\lib\ibmjgssprovider.jar;C:\temp\EclipseIBM\eclipseDevelopmentPackage\ibm_sdk80\jre\lib\ibmjsseprovider2.jar;C:\temp\EclipseIBM\eclipseDevelopmentPackage\ibm_sdk80\jre\lib\ibmcertpathprovider.jar;C:\temp\EclipseIBM\eclipseDevelopmentPackage\ibm_sdk80\jre\lib\xmldsigfw.jar;C:\temp\EclipseIBM\eclipseDevelopmentPackage\ibm_sdk80\jre\lib\xml.jar;C:\temp\EclipseIBM\eclipseDevelopmentPackage\ibm_sdk80\jre\lib\charsets.jar;C:\temp\EclipseIBM\eclipseDevelopmentPackage\ibm_sdk80\jre\lib\resources.jar;C:\temp\EclipseIBM\eclipseDevelopmentPackage\ibm_sdk80\jre\lib\rt.jar;C:\temp\EclipseIBM\eclipseDevelopmentPackage\ibm_sdk80\jre\lib\dataaccess.jar"/>
    <property name="com.ibm.oti.vm.bootstrap.library.path" value="C:\temp\EclipseIBM\eclipseDevelopmentPackage\ibm_sdk80\jre\bin\compressedrefs;C:\temp\EclipseIBM\eclipseDevelopmentPackage\ibm_sdk80\jre\bin"/>
    <property name="com.ibm.cpu.endian" value="little"/>
    <property name="java.fullversion" value="8.0.5.10 - pwa6480sr5fp10-20180214_01(SR5 FP10)&#10;JRE 1.8.0 IBM J9 2.9 Windows 10 amd64-64 Compressed References 20180208_378436 (JIT enabled, AOT enabled)&#10;OpenJ9   - 39bb844&#10;OMR      - c04ccb2&#10;IBM      - 2321a81"/>
    <property name="java.runtime.version" value="8.0.5.10 - pwa6480sr5fp10-20180214_01(SR5 FP10)"/>
    <property name="user.name" value="BALRAJDASHRATHRAJ"/>
    <property name="path.separator" value=";"/>
    <property name="os.version" value="10.0"/>
    <property name="java.endorsed.dirs" value="C:\temp\EclipseIBM\eclipseDevelopmentPackage\ibm_sdk80\jre\lib\endorsed"/>
    <property name="java.runtime.name" value="Java(TM) SE Runtime Environment"/>
    <property name="ibm.signalhandling.sigint" value="true"/>
    <property name="file.encoding" value="Cp1252"/>
    <property name="java.vm.name" value="IBM J9 VM"/>
    <property name="ibm.signalhandling.sigchain" value="true"/>
    <property name="localRepository" value="C:\Users\BALRAJDASHRATHRAJ\.m2\repository"/>
    <property name="java.io.tmpdir" value="C:\Users\BALRAJ~1\AppData\Local\Temp\"/>
    <property name="java.version" value="1.8.0_161"/>
    <property name="com.ibm.system.agent.path" value="C:\temp\EclipseIBM\eclipseDevelopmentPackage\ibm_sdk80\jre\bin"/>
    <property name="user.dir" value="C:\temp\arbaj\5\AddressDetails"/>
    <property name="os.arch" value="amd64"/>
    <property name="java.vm.specification.name" value="Java Virtual Machine Specification"/>
    <property name="java.awt.printerjob" value="sun.awt.windows.WPrinterJob"/>
    <property name="os.encoding" value="UTF8"/>
    <property name="console.encoding" value="Cp437"/>
    <property name="java.library.path" value="C:\temp\EclipseIBM\eclipseDevelopmentPackage\ibm_sdk80\jre\bin\compressedrefs;C:\temp\EclipseIBM\eclipseDevelopmentPackage\ibm_sdk80\jre\bin;C:\WINDOWS\system32;C:\WINDOWS;C:/Program Files/Java/jre1.8.0_251/bin/server;C:/Program Files/Java/jre1.8.0_251/bin;C:/Program Files/Java/jre1.8.0_251/lib/amd64;C:\temp\Python-Komado\;C:\Program Files (x86)\Common Files\Oracle\Java\javapath;C:\ProgramData\Oracle\Java\javapath;C:\WINDOWS\system32;C:\WINDOWS;C:\WINDOWS\System32\Wbem;C:\WINDOWS\System32\WindowsPowerShell\v1.0\;C:\temp\EclipseIBM\eclipseDevelopmentPackage\ibm_sdk80\bin;C:\Program Files\Microsoft SQL Server\Client SDK\ODBC\110\Tools\Binn\;C:\Program Files (x86)\Microsoft SQL Server\120\Tools\Binn\;C:\Program Files\Microsoft SQL Server\120\Tools\Binn\;C:\Program Files\Microsoft SQL Server\120\DTS\Binn\;C:\Program Files\Git\cmd;C:\Program Files\Git\bin;C:\WINDOWS\System32\OpenSSH\;C:\NodeJS\nvm;C:\Program Files\nodejs;C:\Program Files\Intel\WiFi\bin\;C:\Program Files\Common Files\Intel\WirelessCommon\;C:\Program Files\PuTTY\;C:\temp\AWS\CLI\bin\;C:\temp\Kubernetes\;C:\Users\BALRAJDASHRATHRAJ\AppData\Local\Microsoft\WindowsApps;C:\temp\apache-maven-3.5.3\bin;C:\Users\BALRAJDASHRATHRAJ\AppData\Loca;C:\temp\Kubernetes\minikube\;C:\temp\fss\minishift\minishift-1.34.1-windows-amd64\;C:\temp\DB\Derby\db-derby-10.12.1.1-bin\bin\;C:\Temp\nodejs1216\;C:\Program Files\Docker\Docker\resources\bin;C:\ProgramData\DockerDesktop\version-bin;C:\Program Files (x86)\Sennheiser\SoftphoneSDK\;C:\Program Files (x86)\Intel\Intel(R) Management Engine Components\DAL;C:\Program Files\Intel\Intel(R) Management Engine Components\DAL;C:\Program Files\CrashPlan\jre\bin\server\;C:\Program Files\CrashPlan\jre\bin\;C:\Users\BALRAJDASHRATHRAJ\AppData\Roaming\ActiveState\bin;C:\temp\Python-Komado\;C:\Program Files (x86)\Common Files\Oracle\Java\javapath;C:\ProgramData\Oracle\Java\javapath;C:\WINDOWS\system32;C:\WINDOWS;C:\WINDOWS\System32\Wbem;C:\WINDOWS\System32\WindowsPowerShell\v1.0\;C:\temp\EclipseIBM\eclipseDevelopmentPackage\ibm_sdk80\bin;C:\Program Files\Microsoft SQL Server\Client SDK\ODBC\110\Tools\Binn\;C:\Program Files (x86)\Microsoft SQL Server\120\Tools\Binn\;C:\Program Files\Microsoft SQL Server\120\Tools\Binn\;C:\Program Files\Microsoft SQL Server\120\DTS\Binn\;C:\Program Files\Git\cmd;C:\Program Files\Git\bin;C:\WINDOWS\System32\OpenSSH\;C:\NodeJS\nvm;C:\Program Files\nodejs;C:\Program Files (x86)\Intel\Intel(R) Management Engine Components\DAL;C:\Program Files\Intel\Intel(R) Management Engine Components\DAL;C:\Program Files\Intel\WiFi\bin\;C:\Program Files\Common Files\Intel\WirelessCommon\;C:\Program Files\PuTTY\;C:\temp\AWS\CLI\bin\;C:\temp\Kubernetes\;C:\Users\BALRAJDASHRATHRAJ\AppData\Local\Microsoft\WindowsApps;C:\temp\apache-maven-3.5.3\bin;C:\Users\BALRAJDASHRATHRAJ\AppData\Loca;C:\temp\Kubernetes\minikube\;C:\temp\fss\minishift\minishift-1.34.1-windows-amd64\;C:\temp\DB\Derby\db-derby-10.12.1.1-bin\bin\;C:\Users\BALRAJDASHRATHRAJ\AppData\Roaming\npm;C:\Angular\MSVSCode\bin;C:\temp\EclipseO;;."/>
    <property name="java.vendor" value="IBM Corporation"/>
    <property name="java.vm.info" value="JRE 1.8.0 Windows 10 amd64-64 Compressed References 20180208_378436 (JIT enabled, AOT enabled)&#10;OpenJ9   - 39bb844&#10;OMR      - c04ccb2&#10;IBM      - 2321a81"/>
    <property name="java.vm.version" value="2.9"/>
    <property name="com.ibm.jcl.checkClassPath" value=""/>
    <property name="ibm.system.encoding" value="Cp1252"/>
    <property name="sun.io.unicode.encoding" value="UnicodeLittle"/>
    <property name="java.ext.dirs" value="C:\temp\EclipseIBM\eclipseDevelopmentPackage\ibm_sdk80\jre\lib\ext"/>
    <property name="java.class.version" value="52.0"/>
  </properties>
  <testcase name="contextLoads" classname="com.ConnectivityTestApplicationTests" time="0.85"/>
</testsuite>